#
# There is insufficient memory for the Java Runtime Environment to continue.
# Native memory allocation (malloc) failed to allocate 13530832 bytes. Error detail: Chunk::new
# Possible reasons:
#   The system is out of physical RAM or swap space
#   This process is running with CompressedOops enabled, and the Java Heap may be blocking the growth of the native heap
# Possible solutions:
#   Reduce memory load on the system
#   Increase physical memory or swap space
#   Check if swap backing store is full
#   Decrease Java heap size (-Xmx/-Xms)
#   Decrease number of Java threads
#   Decrease Java thread stack sizes (-Xss)
#   Set larger code cache with -XX:ReservedCodeCacheSize=
#   JVM is running with Unscaled Compressed Oops mode in which the Java heap is
#     placed in the first 4GB address space. The Java Heap base address is the
#     maximum limit for the native heap growth. Please use -XX:HeapBaseMinAddress
#     to set the Java Heap base and to place the Java Heap above 4GB virtual address.
# This output file may be truncated or incomplete.
#
#  Out of Memory Error (arena.cpp:162), pid=17664, tid=28756
#
# JRE version: Java(TM) SE Runtime Environment (24.0.2+12) (build 24.0.2+12-54)
# Java VM: Java HotSpot(TM) 64-Bit Server VM (24.0.2+12-54, mixed mode, sharing, tiered, compressed oops, compressed class ptrs, g1 gc, windows-amd64)
# No core dump will be written. Minidumps are not enabled by default on client versions of Windows
#

---------------  S U M M A R Y ------------

Command Line: -javaagent:C:\Program Files\JetBrains\IntelliJ IDEA Community Edition 2025.2\lib\idea_rt.jar=51458 -Dfile.encoding=UTF-8 -Dsun.stdout.encoding=UTF-8 -Dsun.stderr.encoding=UTF-8 com.taskmanager.task_manager.TaskManagerApplication

Host: 13th Gen Intel(R) Core(TM) i5-13450HX, 16 cores, 7G,  Windows 11 , 64 bit Build 26100 (10.0.26100.6725)
Time: Sat Oct 25 00:16:16 2025 India Standard Time elapsed time: 447.614959 seconds (0d 0h 7m 27s)

---------------  T H R E A D  ---------------

Current thread (0x000001ccf9f49bb0):  JavaThread "C2 CompilerThread0" daemon [_thread_in_native, id=28756, stack(0x00000013a5f00000,0x00000013a6000000) (1024K)]


Current CompileTask:
C2:447615 7458       4       java.io.ObjectOutputStream::writeClassDesc (60 bytes)

Stack: [0x00000013a5f00000,0x00000013a6000000]
Native frames: (J=compiled Java code, j=interpreted, Vv=VM code, C=native code)
V  [jvm.dll+0x730829]  (no source info available)
V  [jvm.dll+0x8d9da3]  (no source info available)
V  [jvm.dll+0x8dc28d]  (no source info available)
V  [jvm.dll+0x8dc903]  (no source info available)
V  [jvm.dll+0x2a9f56]  (no source info available)
V  [jvm.dll+0xced7f]  (no source info available)
V  [jvm.dll+0xcefdf]  (no source info available)
V  [jvm.dll+0x154c83]  (no source info available)
V  [jvm.dll+0x73604f]  (no source info available)
V  [jvm.dll+0x26f8dc]  (no source info available)
V  [jvm.dll+0x26e8ff]  (no source info available)
V  [jvm.dll+0x1e9c90]  (no source info available)
V  [jvm.dll+0x27e0cb]  (no source info available)
V  [jvm.dll+0x27c36a]  (no source info available)
V  [jvm.dll+0x42f396]  (no source info available)
V  [jvm.dll+0x87d9eb]  (no source info available)
V  [jvm.dll+0x72ef45]  (no source info available)
C  [ucrtbase.dll+0x37b0]  (no source info available)
C  [KERNEL32.DLL+0x2e8d7]  (no source info available)
C  [ntdll.dll+0x8c53c]  (no source info available)

Lock stack of current Java thread (top to bottom):


---------------  P R O C E S S  ---------------

Threads class SMR info:
_java_thread_list=0x000001ccd8f03420, length=35, elements={
0x000001ccf9f24c60, 0x000001ccf9f253a0, 0x000001ccf9f25fa0, 0x000001ccf9f26b60,
0x000001ccf9f272a0, 0x000001ccf9f2bb20, 0x000001ccf9f49bb0, 0x000001ccf9f4c9b0,
0x000001ccd4270730, 0x000001ccd4595f00, 0x000001ccd46a0120, 0x000001ccd43f61b0,
0x000001ccd43f5310, 0x000001ccd43f7ef0, 0x000001ccd43f6900, 0x000001ccd539bb80,
0x000001ccd5398fa0, 0x000001ccd539ca20, 0x000001ccd53996f0, 0x000001ccd539d170,
0x000001ccd539e760, 0x000001ccd539f600, 0x000001ccd539eeb0, 0x000001ccd539fd50,
0x000001ccd8dc2b70, 0x000001ccd8dc3a10, 0x000001ccd8dc5000, 0x000001ccd8dc4160,
0x000001ccd8dc5ea0, 0x000001ccd8dc48b0, 0x000001ccd8dc5750, 0x000001ccd8dc65f0,
0x000001ccd8dc32c0, 0x000001ccd8dc8a80, 0x000001ccd8dc9920
}

Java Threads: ( => current thread )
  0x000001ccf9f24c60 JavaThread "Reference Handler"          daemon [_thread_blocked, id=15384, stack(0x00000013a5900000,0x00000013a5a00000) (1024K)]
  0x000001ccf9f253a0 JavaThread "Finalizer"                  daemon [_thread_blocked, id=21588, stack(0x00000013a5a00000,0x00000013a5b00000) (1024K)]
  0x000001ccf9f25fa0 JavaThread "Signal Dispatcher"          daemon [_thread_blocked, id=29868, stack(0x00000013a5b00000,0x00000013a5c00000) (1024K)]
  0x000001ccf9f26b60 JavaThread "Attach Listener"            daemon [_thread_blocked, id=16492, stack(0x00000013a5c00000,0x00000013a5d00000) (1024K)]
  0x000001ccf9f272a0 JavaThread "Service Thread"             daemon [_thread_blocked, id=22432, stack(0x00000013a5d00000,0x00000013a5e00000) (1024K)]
  0x000001ccf9f2bb20 JavaThread "Monitor Deflation Thread"   daemon [_thread_blocked, id=27140, stack(0x00000013a5e00000,0x00000013a5f00000) (1024K)]
=>0x000001ccf9f49bb0 JavaThread "C2 CompilerThread0"         daemon [_thread_in_native, id=28756, stack(0x00000013a5f00000,0x00000013a6000000) (1024K)]
  0x000001ccf9f4c9b0 JavaThread "C1 CompilerThread0"         daemon [_thread_blocked, id=22976, stack(0x00000013a6000000,0x00000013a6100000) (1024K)]
  0x000001ccd4270730 JavaThread "Common-Cleaner"             daemon [_thread_blocked, id=6348, stack(0x00000013a6400000,0x00000013a6500000) (1024K)]
  0x000001ccd4595f00 JavaThread "Monitor Ctrl-Break"         daemon [_thread_in_native, id=4724, stack(0x00000013a6500000,0x00000013a6600000) (1024K)]
  0x000001ccd46a0120 JavaThread "Notification Thread"        daemon [_thread_blocked, id=20340, stack(0x00000013a6600000,0x00000013a6700000) (1024K)]
  0x000001ccd43f61b0 JavaThread "RMI TCP Accept-0"           daemon [_thread_in_native, id=19188, stack(0x00000013a6900000,0x00000013a6a00000) (1024K)]
  0x000001ccd43f5310 JavaThread "RMI TCP Connection(1)-10.133.230.179" daemon [_thread_in_native, id=29480, stack(0x00000013a6a00000,0x00000013a6b00000) (1024K)]
  0x000001ccd43f7ef0 JavaThread "RMI Scheduler(0)"           daemon [_thread_blocked, id=28268, stack(0x00000013a6b00000,0x00000013a6c00000) (1024K)]
  0x000001ccd43f6900 JavaThread "JMX server connection timeout 42" daemon [_thread_blocked, id=11192, stack(0x00000013a6e00000,0x00000013a6f00000) (1024K)]
  0x000001ccd539bb80 JavaThread "Catalina-utility-1"                [_thread_blocked, id=24196, stack(0x00000013a7d00000,0x00000013a7e00000) (1024K)]
  0x000001ccd5398fa0 JavaThread "Catalina-utility-2"                [_thread_blocked, id=7816, stack(0x00000013a7e00000,0x00000013a7f00000) (1024K)]
  0x000001ccd539ca20 JavaThread "container-0"                       [_thread_blocked, id=27972, stack(0x00000013a7f00000,0x00000013a8000000) (1024K)]
  0x000001ccd53996f0 JavaThread "mysql-cj-abandoned-connection-cleanup" daemon [_thread_blocked, id=2124, stack(0x00000013a8000000,0x00000013a8100000) (1024K)]
  0x000001ccd539d170 JavaThread "HikariPool-1:housekeeper"   daemon [_thread_blocked, id=5288, stack(0x00000013a8200000,0x00000013a8300000) (1024K)]
  0x000001ccd539e760 JavaThread "File Watcher"               daemon [_thread_blocked, id=6096, stack(0x00000013a8400000,0x00000013a8500000) (1024K)]
  0x000001ccd539f600 JavaThread "Live Reload Server"         daemon [_thread_in_native, id=1448, stack(0x00000013a8500000,0x00000013a8600000) (1024K)]
  0x000001ccd539eeb0 JavaThread "http-nio-8080-exec-1"       daemon [_thread_blocked, id=21164, stack(0x00000013a8600000,0x00000013a8700000) (1024K)]
  0x000001ccd539fd50 JavaThread "http-nio-8080-exec-2"       daemon [_thread_blocked, id=28424, stack(0x00000013a8700000,0x00000013a8800000) (1024K)]
  0x000001ccd8dc2b70 JavaThread "http-nio-8080-exec-3"       daemon [_thread_blocked, id=13784, stack(0x00000013a8800000,0x00000013a8900000) (1024K)]
  0x000001ccd8dc3a10 JavaThread "http-nio-8080-exec-4"       daemon [_thread_blocked, id=11856, stack(0x00000013a8900000,0x00000013a8a00000) (1024K)]
  0x000001ccd8dc5000 JavaThread "http-nio-8080-exec-5"       daemon [_thread_blocked, id=29436, stack(0x00000013a8a00000,0x00000013a8b00000) (1024K)]
  0x000001ccd8dc4160 JavaThread "http-nio-8080-exec-6"       daemon [_thread_blocked, id=13460, stack(0x00000013a8b00000,0x00000013a8c00000) (1024K)]
  0x000001ccd8dc5ea0 JavaThread "http-nio-8080-exec-7"       daemon [_thread_blocked, id=7140, stack(0x00000013a8c00000,0x00000013a8d00000) (1024K)]
  0x000001ccd8dc48b0 JavaThread "http-nio-8080-exec-8"       daemon [_thread_blocked, id=2160, stack(0x00000013a8d00000,0x00000013a8e00000) (1024K)]
  0x000001ccd8dc5750 JavaThread "http-nio-8080-exec-9"       daemon [_thread_blocked, id=29184, stack(0x00000013a8e00000,0x00000013a8f00000) (1024K)]
  0x000001ccd8dc65f0 JavaThread "http-nio-8080-exec-10"      daemon [_thread_blocked, id=25324, stack(0x00000013a8f00000,0x00000013a9000000) (1024K)]
  0x000001ccd8dc32c0 JavaThread "http-nio-8080-Poller"       daemon [_thread_in_native, id=7748, stack(0x00000013a9000000,0x00000013a9100000) (1024K)]
  0x000001ccd8dc8a80 JavaThread "http-nio-8080-Acceptor"     daemon [_thread_in_native, id=30356, stack(0x00000013a9100000,0x00000013a9200000) (1024K)]
  0x000001ccd8dc9920 JavaThread "DestroyJavaVM"                     [_thread_blocked, id=28188, stack(0x00000013a5100000,0x00000013a5200000) (1024K)]
Total: 35

Other Threads:
  0x000001ccf9ddb7c0 VMThread "VM Thread"                           [id=21904, stack(0x00000013a5800000,0x00000013a5900000) (1024K)]
  0x000001ccf9f04fd0 WatcherThread "VM Periodic Task Thread"        [id=19296, stack(0x00000013a5700000,0x00000013a5800000) (1024K)]
  0x000001cceb65ab70 WorkerThread "GC Thread#0"                     [id=16520, stack(0x00000013a5200000,0x00000013a5300000) (1024K)]
  0x000001ccd51e0d00 WorkerThread "GC Thread#1"                     [id=28688, stack(0x00000013a6f00000,0x00000013a7000000) (1024K)]
  0x000001ccd51dd960 WorkerThread "GC Thread#2"                     [id=26056, stack(0x00000013a7000000,0x00000013a7100000) (1024K)]
  0x000001ccd51debd0 WorkerThread "GC Thread#3"                     [id=11140, stack(0x00000013a7100000,0x00000013a7200000) (1024K)]
  0x000001ccd51e01f0 WorkerThread "GC Thread#4"                     [id=8152, stack(0x00000013a7200000,0x00000013a7300000) (1024K)]
  0x000001ccd51ddd10 WorkerThread "GC Thread#5"                     [id=29108, stack(0x00000013a7300000,0x00000013a7400000) (1024K)]
  0x000001ccd51df330 WorkerThread "GC Thread#6"                     [id=24808, stack(0x00000013a7400000,0x00000013a7500000) (1024K)]
  0x000001ccd51de0c0 WorkerThread "GC Thread#7"                     [id=7852, stack(0x00000013a7500000,0x00000013a7600000) (1024K)]
  0x000001ccd51de470 WorkerThread "GC Thread#8"                     [id=24752, stack(0x00000013a7700000,0x00000013a7800000) (1024K)]
  0x000001ccd51df6e0 WorkerThread "GC Thread#9"                     [id=21336, stack(0x00000013a7800000,0x00000013a7900000) (1024K)]
  0x000001ccd51e05a0 WorkerThread "GC Thread#10"                    [id=10404, stack(0x00000013a7900000,0x00000013a7a00000) (1024K)]
  0x000001ccd70175b0 WorkerThread "GC Thread#11"                    [id=22820, stack(0x00000013a7a00000,0x00000013a7b00000) (1024K)]
  0x000001ccd7018f80 WorkerThread "GC Thread#12"                    [id=4580, stack(0x00000013a7600000,0x00000013a7700000) (1024K)]
  0x000001cceb66ffa0 ConcurrentGCThread "G1 Main Marker"            [id=12872, stack(0x00000013a5300000,0x00000013a5400000) (1024K)]
  0x000001cceb670b50 WorkerThread "G1 Conc#0"                       [id=7812, stack(0x00000013a5400000,0x00000013a5500000) (1024K)]
  0x000001ccd7016aa0 WorkerThread "G1 Conc#1"                       [id=10140, stack(0x00000013a7b00000,0x00000013a7c00000) (1024K)]
  0x000001ccd7015f90 WorkerThread "G1 Conc#2"                       [id=18696, stack(0x00000013a7c00000,0x00000013a7d00000) (1024K)]
  0x000001ccf9dd06f0 ConcurrentGCThread "G1 Refine#0"               [id=6708, stack(0x00000013a5500000,0x00000013a5600000) (1024K)]
  0x000001ccf9dd4b50 ConcurrentGCThread "G1 Service"                [id=25340, stack(0x00000013a5600000,0x00000013a5700000) (1024K)]
Total: 21

Threads with active compile tasks:
C2 CompilerThread0  447673 7458       4       java.io.ObjectOutputStream::writeClassDesc (60 bytes)
Total: 1

VM state: not at safepoint (normal execution)

VM Mutex/Monitor currently owned by a thread: None

Heap address: 0x0000000084e00000, size: 1970 MB, Compressed Oops mode: 32-bit

CDS archive(s) mapped at: [0x000001cc8f000000-0x000001cc8fd40000-0x000001cc8fd40000), size 13893632, SharedBaseAddress: 0x000001cc8f000000, ArchiveRelocationMode: 1.
Compressed class space mapped at: 0x000001cc90000000-0x000001ccd0000000, reserved size: 1073741824
UseCompressedClassPointers 1, UseCompactObjectHeaders 0
Narrow klass pointer bits 32, Max shift 3
Narrow klass base: 0x000001cc8f000000, Narrow klass shift: 0
Encoding Range: [0x000001cc8f000000 - 0x000001cd8f000000), (4294967296 bytes)
Klass Range:    [0x000001cc8f000000 - 0x000001ccd0000000), (1090519040 bytes)
Klass ID Range:  [8 - 1090519033) (1090519025)

GC Precious Log:
 CardTable entry size: 512
 Card Set container configuration: InlinePtr #cards 5 size 8 Array Of Cards #cards 10 size 36 Howl #buckets 4 coarsen threshold 1843 Howl Bitmap #cards 512 size 80 coarsen threshold 460 Card regions per heap region 1 cards per card region 2048
 CPUs: 16 total, 16 available
 Memory: 7876M
 Large Page Support: Disabled
 NUMA Support: Disabled
 Compressed Oops: Enabled (32-bit)
 Heap Region Size: 1M
 Heap Min Capacity: 8M
 Heap Initial Capacity: 124M
 Heap Max Capacity: 1970M
 Pre-touch: Disabled
 Parallel Workers: 13
 Concurrent Workers: 3
 Concurrent Refinement Workers: 13
 Periodic GC: Disabled

Heap:
 garbage-first heap   total reserved 2017280K, committed 57344K, used 33909K [0x0000000084e00000, 0x0000000100000000)
  region size 1024K, 5 young (5120K), 1 survivors (1024K)
 Metaspace       used 67356K, committed 67904K, reserved 1114112K
  class space    used 7054K, committed 7296K, reserved 1048576K

Heap Regions: E=young(eden), S=young(survivor), O=old, HS=humongous(starts), HC=humongous(continues), CS=collection set, F=free, TAMS=top-at-mark-start, PB=parsable bottom
|   0|0x0000000084e00000, 0x0000000084f00000, 0x0000000084f00000|100%|HS|  |TAMS 0x0000000084e00000| PB 0x0000000084e00000| Complete |  0
|   1|0x0000000084f00000, 0x0000000085000000, 0x0000000085000000|100%|HS|  |TAMS 0x0000000084f00000| PB 0x0000000084f00000| Complete |  0
|   2|0x0000000085000000, 0x0000000085100000, 0x0000000085100000|100%| O|  |TAMS 0x0000000085000000| PB 0x0000000085000000| Untracked |  0
|   3|0x0000000085100000, 0x0000000085200000, 0x0000000085200000|100%| O|  |TAMS 0x0000000085100000| PB 0x0000000085100000| Untracked |  0
|   4|0x0000000085200000, 0x0000000085300000, 0x0000000085300000|100%| O|  |TAMS 0x0000000085200000| PB 0x0000000085200000| Untracked |  0
|   5|0x0000000085300000, 0x0000000085400000, 0x0000000085400000|100%| O|  |TAMS 0x0000000085300000| PB 0x0000000085300000| Untracked |  0
|   6|0x0000000085400000, 0x0000000085500000, 0x0000000085500000|100%| O|  |TAMS 0x0000000085400000| PB 0x0000000085400000| Untracked |  0
|   7|0x0000000085500000, 0x0000000085600000, 0x0000000085600000|100%| O|  |TAMS 0x0000000085500000| PB 0x0000000085500000| Untracked |  0
|   8|0x0000000085600000, 0x0000000085700000, 0x0000000085700000|100%| O|  |TAMS 0x0000000085600000| PB 0x0000000085600000| Untracked |  0
|   9|0x0000000085700000, 0x0000000085800000, 0x0000000085800000|100%| O|  |TAMS 0x0000000085700000| PB 0x0000000085700000| Untracked |  0
|  10|0x0000000085800000, 0x0000000085900000, 0x0000000085900000|100%| O|  |TAMS 0x0000000085800000| PB 0x0000000085800000| Untracked |  0
|  11|0x0000000085900000, 0x0000000085a00000, 0x0000000085a00000|100%| O|  |TAMS 0x0000000085900000| PB 0x0000000085900000| Untracked |  0
|  12|0x0000000085a00000, 0x0000000085b00000, 0x0000000085b00000|100%| O|  |TAMS 0x0000000085a00000| PB 0x0000000085a00000| Untracked |  0
|  13|0x0000000085b00000, 0x0000000085c00000, 0x0000000085c00000|100%| O|  |TAMS 0x0000000085b00000| PB 0x0000000085b00000| Untracked |  0
|  14|0x0000000085c00000, 0x0000000085d00000, 0x0000000085d00000|100%| O|  |TAMS 0x0000000085c00000| PB 0x0000000085c00000| Untracked |  0
|  15|0x0000000085d00000, 0x0000000085e00000, 0x0000000085e00000|100%| O|  |TAMS 0x0000000085d00000| PB 0x0000000085d00000| Untracked |  0
|  16|0x0000000085e00000, 0x0000000085f00000, 0x0000000085f00000|100%| O|  |TAMS 0x0000000085e00000| PB 0x0000000085e00000| Untracked |  0
|  17|0x0000000085f00000, 0x0000000086000000, 0x0000000086000000|100%| O|  |TAMS 0x0000000085f00000| PB 0x0000000085f00000| Untracked |  0
|  18|0x0000000086000000, 0x0000000086100000, 0x0000000086100000|100%| O|  |TAMS 0x0000000086000000| PB 0x0000000086000000| Untracked |  0
|  19|0x0000000086100000, 0x0000000086200000, 0x0000000086200000|100%| O|Cm|TAMS 0x0000000086100000| PB 0x0000000086100000| Complete |  0
|  20|0x0000000086200000, 0x0000000086300000, 0x0000000086300000|100%| O|  |TAMS 0x0000000086200000| PB 0x0000000086200000| Untracked |  0
|  21|0x0000000086300000, 0x0000000086400000, 0x0000000086400000|100%| O|  |TAMS 0x0000000086300000| PB 0x0000000086300000| Untracked |  0
|  22|0x0000000086400000, 0x0000000086500000, 0x0000000086500000|100%| O|  |TAMS 0x0000000086400000| PB 0x0000000086400000| Untracked |  0
|  23|0x0000000086500000, 0x0000000086600000, 0x0000000086600000|100%| O|  |TAMS 0x0000000086500000| PB 0x0000000086500000| Untracked |  0
|  24|0x0000000086600000, 0x0000000086700000, 0x0000000086700000|100%| O|  |TAMS 0x0000000086600000| PB 0x0000000086600000| Untracked |  0
|  25|0x0000000086700000, 0x0000000086800000, 0x0000000086800000|100%| O|  |TAMS 0x0000000086700000| PB 0x0000000086700000| Untracked |  0
|  26|0x0000000086800000, 0x0000000086900000, 0x0000000086900000|100%| O|  |TAMS 0x0000000086800000| PB 0x0000000086800000| Untracked |  0
|  27|0x0000000086900000, 0x0000000086a00000, 0x0000000086a00000|100%| O|  |TAMS 0x0000000086900000| PB 0x0000000086900000| Untracked |  0
|  28|0x0000000086a00000, 0x0000000086a00000, 0x0000000086b00000|  0%| F|  |TAMS 0x0000000086a00000| PB 0x0000000086a00000| Untracked |  0
|  29|0x0000000086b00000, 0x0000000086b6a9c8, 0x0000000086c00000| 41%| O|  |TAMS 0x0000000086b00000| PB 0x0000000086b00000| Untracked |  0
|  30|0x0000000086c00000, 0x0000000086c00000, 0x0000000086d00000|  0%| F|  |TAMS 0x0000000086c00000| PB 0x0000000086c00000| Untracked |  0
|  31|0x0000000086d00000, 0x0000000086d00000, 0x0000000086e00000|  0%| F|  |TAMS 0x0000000086d00000| PB 0x0000000086d00000| Untracked |  0
|  32|0x0000000086e00000, 0x0000000086e00000, 0x0000000086f00000|  0%| F|  |TAMS 0x0000000086e00000| PB 0x0000000086e00000| Untracked |  0
|  33|0x0000000086f00000, 0x0000000086f00000, 0x0000000087000000|  0%| F|  |TAMS 0x0000000086f00000| PB 0x0000000086f00000| Untracked |  0
|  34|0x0000000087000000, 0x0000000087000000, 0x0000000087100000|  0%| F|  |TAMS 0x0000000087000000| PB 0x0000000087000000| Untracked |  0
|  35|0x0000000087100000, 0x00000000871b2a40, 0x0000000087200000| 69%| S|CS|TAMS 0x0000000087100000| PB 0x0000000087100000| Complete |  0
|  36|0x0000000087200000, 0x0000000087200000, 0x0000000087300000|  0%| F|  |TAMS 0x0000000087200000| PB 0x0000000087200000| Untracked |  0
|  37|0x0000000087300000, 0x0000000087300000, 0x0000000087400000|  0%| F|  |TAMS 0x0000000087300000| PB 0x0000000087300000| Untracked |  0
|  38|0x0000000087400000, 0x0000000087400000, 0x0000000087500000|  0%| F|  |TAMS 0x0000000087400000| PB 0x0000000087400000| Untracked |  0
|  39|0x0000000087500000, 0x0000000087500000, 0x0000000087600000|  0%| F|  |TAMS 0x0000000087500000| PB 0x0000000087500000| Untracked |  0
|  40|0x0000000087600000, 0x0000000087600000, 0x0000000087700000|  0%| F|  |TAMS 0x0000000087600000| PB 0x0000000087600000| Untracked |  0
|  41|0x0000000087700000, 0x0000000087700000, 0x0000000087800000|  0%| F|  |TAMS 0x0000000087700000| PB 0x0000000087700000| Untracked |  0
|  42|0x0000000087800000, 0x0000000087800000, 0x0000000087900000|  0%| F|  |TAMS 0x0000000087800000| PB 0x0000000087800000| Untracked |  0
|  43|0x0000000087900000, 0x0000000087900000, 0x0000000087a00000|  0%| F|  |TAMS 0x0000000087900000| PB 0x0000000087900000| Untracked |  0
|  44|0x0000000087a00000, 0x0000000087a00000, 0x0000000087b00000|  0%| F|  |TAMS 0x0000000087a00000| PB 0x0000000087a00000| Untracked |  0
|  45|0x0000000087b00000, 0x0000000087b00000, 0x0000000087c00000|  0%| F|  |TAMS 0x0000000087b00000| PB 0x0000000087b00000| Untracked |  0
|  46|0x0000000087c00000, 0x0000000087c00000, 0x0000000087d00000|  0%| F|  |TAMS 0x0000000087c00000| PB 0x0000000087c00000| Untracked |  0
|  47|0x0000000087d00000, 0x0000000087d00000, 0x0000000087e00000|  0%| F|  |TAMS 0x0000000087d00000| PB 0x0000000087d00000| Untracked |  0
|  48|0x0000000087e00000, 0x0000000087e00000, 0x0000000087f00000|  0%| F|  |TAMS 0x0000000087e00000| PB 0x0000000087e00000| Untracked |  0
|  49|0x0000000087f00000, 0x0000000087f00000, 0x0000000088000000|  0%| F|  |TAMS 0x0000000087f00000| PB 0x0000000087f00000| Untracked |  0
|  91|0x000000008a900000, 0x000000008a900000, 0x000000008aa00000|  0%| F|  |TAMS 0x000000008a900000| PB 0x000000008a900000| Untracked |  0
|  92|0x000000008aa00000, 0x000000008aa146b8, 0x000000008ab00000|  7%| E|  |TAMS 0x000000008aa00000| PB 0x000000008aa00000| Complete |  0
|  93|0x000000008ab00000, 0x000000008ac00000, 0x000000008ac00000|100%| E|CS|TAMS 0x000000008ab00000| PB 0x000000008ab00000| Complete |  0
| 123|0x000000008c900000, 0x000000008ca00000, 0x000000008ca00000|100%| E|CS|TAMS 0x000000008c900000| PB 0x000000008c900000| Complete |  0
|1968|0x00000000ffe00000, 0x00000000fff00000, 0x00000000fff00000|100%| O|  |TAMS 0x00000000ffe00000| PB 0x00000000ffe00000| Untracked |  0
|1969|0x00000000fff00000, 0x0000000100000000, 0x0000000100000000|100%| E|CS|TAMS 0x00000000fff00000| PB 0x00000000fff00000| Complete |  0

Card table byte_map: [0x000001ccf4c10000,0x000001ccf4ff0000] _byte_map_base: 0x000001ccf47e9000

Marking Bits: (CMBitMap*) 0x000001cceb65b280
 Bits: [0x000001ccf4ff0000, 0x000001ccf6eb8000)

Polling page: 0x000001cce9430000

Metaspace:

Usage:
  Non-class:     58.89 MB used.
      Class:      6.89 MB used.
       Both:     65.78 MB used.

Virtual space:
  Non-class space:       64.00 MB reserved,      59.19 MB ( 92%) committed,  1 nodes.
      Class space:        1.00 GB reserved,       7.12 MB ( <1%) committed,  1 nodes.
             Both:        1.06 GB reserved,      66.31 MB (  6%) committed. 

Chunk freelists:
   Non-Class:  4.20 MB
       Class:  8.84 MB
        Both:  13.04 MB

MaxMetaspaceSize: unlimited
CompressedClassSpaceSize: 1.00 GB
Initial GC threshold: 21.00 MB
Current GC threshold: 110.56 MB
CDS: on
 - commit_granule_bytes: 65536.
 - commit_granule_words: 8192.
 - virtual_space_node_default_size: 8388608.
 - enlarge_chunks_in_place: 1.
UseCompressedClassPointers 1, UseCompactObjectHeaders 0
Narrow klass pointer bits 32, Max shift 3
Narrow klass base: 0x000001cc8f000000, Narrow klass shift: 0
Encoding Range: [0x000001cc8f000000 - 0x000001cd8f000000), (4294967296 bytes)
Klass Range:    [0x000001cc8f000000 - 0x000001ccd0000000), (1090519040 bytes)
Klass ID Range:  [8 - 1090519033) (1090519025)


Internal statistics:

num_allocs_failed_limit: 9.
num_arena_births: 744.
num_arena_deaths: 0.
num_vsnodes_births: 2.
num_vsnodes_deaths: 0.
num_space_committed: 1061.
num_space_uncommitted: 0.
num_chunks_returned_to_freelist: 9.
num_chunks_taken_from_freelist: 2912.
num_chunk_merges: 9.
num_chunk_splits: 2121.
num_chunks_enlarged: 1704.
num_inconsistent_stats: 0.

CodeHeap 'non-profiled nmethods': size=119232Kb used=3237Kb max_used=3445Kb free=115994Kb
 bounds [0x000001cc87b90000, 0x000001cc87ef0000, 0x000001cc8f000000]
CodeHeap 'profiled nmethods': size=119104Kb used=11135Kb max_used=11736Kb free=107968Kb
 bounds [0x000001cc80000000, 0x000001cc80b80000, 0x000001cc87450000]
CodeHeap 'non-nmethods': size=7424Kb used=1585Kb max_used=3415Kb free=5839Kb
 bounds [0x000001cc87450000, 0x000001cc877d0000, 0x000001cc87b90000]
CodeCache: size=245760Kb, used=15957Kb, max_used=18596Kb, free=229801Kb
 total_blobs=7189, nmethods=6450, adapters=643, full_count=0
Compilation: enabled, stopped_count=0, restarted_count=0

Compilation events (20 events):
Event: 423.589 Thread 0x000001ccf9f4c9b0 nmethod 7448 0x000001cc80038b88 code [0x000001cc80038ca0, 0x000001cc80038ec8]
Event: 425.578 Thread 0x000001ccf9f49bb0 7449       4       java.nio.MappedByteBuffer::position (6 bytes)
Event: 425.582 Thread 0x000001ccf9f49bb0 nmethod 7449 0x000001cc87e0b508 code [0x000001cc87e0b600, 0x000001cc87e0b6e8]
Event: 426.760 Thread 0x000001ccf9f49bb0 7450       4       jdk.internal.misc.Unsafe::putIntOpaque (9 bytes)
Event: 426.761 Thread 0x000001ccf9f49bb0 nmethod 7450 0x000001cc87c09d88 code [0x000001cc87c09e80, 0x000001cc87c09f00]
Event: 432.770 Thread 0x000001ccf9f4c9b0 7451       1       org.apache.catalina.core.ContainerBase::getBackgroundProcessorDelay (5 bytes)
Event: 432.771 Thread 0x000001ccf9f4c9b0 nmethod 7451 0x000001cc87c4fa88 code [0x000001cc87c4fb80, 0x000001cc87c4fc48]
Event: 432.771 Thread 0x000001ccf9f4c9b0 7452       3       org.apache.catalina.valves.ValveBase::backgroundProcess (1 bytes)
Event: 432.772 Thread 0x000001ccf9f4c9b0 nmethod 7452 0x000001cc80019f88 code [0x000001cc8001a0a0, 0x000001cc8001a1a8]
Event: 432.968 Thread 0x000001ccf9f49bb0 7453       4       java.util.ArrayList::grow (60 bytes)
Event: 432.976 Thread 0x000001ccf9f49bb0 nmethod 7453 0x000001cc87c24308 code [0x000001cc87c24420, 0x000001cc87c24878]
Event: 436.066 Thread 0x000001ccf9f49bb0 7454       4       java.util.concurrent.locks.ReentrantLock$NonfairSync::initialTryLock (58 bytes)
Event: 436.068 Thread 0x000001ccf9f49bb0 nmethod 7454 0x000001cc87cc1988 code [0x000001cc87cc1a80, 0x000001cc87cc1c58]
Event: 438.122 Thread 0x000001ccf9f4c9b0 7455       3       jdk.internal.util.ByteArray::setDouble (13 bytes)
Event: 438.124 Thread 0x000001ccf9f4c9b0 nmethod 7455 0x000001cc80009388 code [0x000001cc80009500, 0x000001cc80009c48]
Event: 438.127 Thread 0x000001ccf9f49bb0 7456       4       sun.nio.ch.NioSocketImpl::ensureOpenAndConnected (36 bytes)
Event: 438.127 Thread 0x000001ccf9f49bb0 nmethod 7456 0x000001cc87bb1508 code [0x000001cc87bb1600, 0x000001cc87bb1698]
Event: 438.129 Thread 0x000001ccf9f49bb0 7457       4       sun.nio.ch.NioSocketImpl::configureNonBlockingIfNeeded (65 bytes)
Event: 438.130 Thread 0x000001ccf9f49bb0 nmethod 7457 0x000001cc87c6de08 code [0x000001cc87c6df20, 0x000001cc87c6e018]
Event: 444.367 Thread 0x000001ccf9f49bb0 7458       4       java.io.ObjectOutputStream::writeClassDesc (60 bytes)

GC Heap History (20 events):
Event: 1.677 GC heap before
{Heap before GC invocations=3 (full 0):
 garbage-first heap   total reserved 2017280K, committed 51200K, used 48249K [0x0000000084e00000, 0x0000000100000000)
  region size 1024K, 38 young (38912K), 3 survivors (3072K)
 Metaspace       used 26291K, committed 26624K, reserved 1114112K
  class space    used 2580K, committed 2688K, reserved 1048576K
}
Event: 1.680 GC heap after
{Heap after GC invocations=4 (full 0):
 garbage-first heap   total reserved 2017280K, committed 57344K, used 16464K [0x0000000084e00000, 0x0000000100000000)
  region size 1024K, 6 young (6144K), 6 survivors (6144K)
 Metaspace       used 26291K, committed 26624K, reserved 1114112K
  class space    used 2580K, committed 2688K, reserved 1048576K
}
Event: 2.115 GC heap before
{Heap before GC invocations=4 (full 0):
 garbage-first heap   total reserved 2017280K, committed 57344K, used 41040K [0x0000000084e00000, 0x0000000100000000)
  region size 1024K, 30 young (30720K), 6 survivors (6144K)
 Metaspace       used 30122K, committed 30528K, reserved 1114112K
  class space    used 3054K, committed 3264K, reserved 1048576K
}
Event: 2.119 GC heap after
{Heap after GC invocations=5 (full 0):
 garbage-first heap   total reserved 2017280K, committed 57344K, used 18630K [0x0000000084e00000, 0x0000000100000000)
  region size 1024K, 3 young (3072K), 3 survivors (3072K)
 Metaspace       used 30122K, committed 30528K, reserved 1114112K
  class space    used 3054K, committed 3264K, reserved 1048576K
}
Event: 2.505 GC heap before
{Heap before GC invocations=5 (full 0):
 garbage-first heap   total reserved 2017280K, committed 57344K, used 41158K [0x0000000084e00000, 0x0000000100000000)
  region size 1024K, 26 young (26624K), 3 survivors (3072K)
 Metaspace       used 33563K, committed 34048K, reserved 1114112K
  class space    used 3466K, committed 3648K, reserved 1048576K
}
Event: 2.507 GC heap after
{Heap after GC invocations=6 (full 0):
 garbage-first heap   total reserved 2017280K, committed 57344K, used 20751K [0x0000000084e00000, 0x0000000100000000)
  region size 1024K, 3 young (3072K), 3 survivors (3072K)
 Metaspace       used 33563K, committed 34048K, reserved 1114112K
  class space    used 3466K, committed 3648K, reserved 1048576K
}
Event: 2.692 GC heap before
{Heap before GC invocations=6 (full 0):
 garbage-first heap   total reserved 2017280K, committed 57344K, used 26895K [0x0000000084e00000, 0x0000000100000000)
  region size 1024K, 10 young (10240K), 3 survivors (3072K)
 Metaspace       used 35509K, committed 35968K, reserved 1114112K
  class space    used 3636K, committed 3840K, reserved 1048576K
}
Event: 2.693 GC heap after
{Heap after GC invocations=7 (full 0):
 garbage-first heap   total reserved 2017280K, committed 57344K, used 21085K [0x0000000084e00000, 0x0000000100000000)
  region size 1024K, 3 young (3072K), 3 survivors (3072K)
 Metaspace       used 35509K, committed 35968K, reserved 1114112K
  class space    used 3636K, committed 3840K, reserved 1048576K
}
Event: 3.121 GC heap before
{Heap before GC invocations=8 (full 0):
 garbage-first heap   total reserved 2017280K, committed 57344K, used 45661K [0x0000000084e00000, 0x0000000100000000)
  region size 1024K, 27 young (27648K), 3 survivors (3072K)
 Metaspace       used 42304K, committed 42816K, reserved 1114112K
  class space    used 4349K, committed 4544K, reserved 1048576K
}
Event: 3.123 GC heap after
{Heap after GC invocations=9 (full 0):
 garbage-first heap   total reserved 2017280K, committed 57344K, used 22665K [0x0000000084e00000, 0x0000000100000000)
  region size 1024K, 3 young (3072K), 3 survivors (3072K)
 Metaspace       used 42304K, committed 42816K, reserved 1114112K
  class space    used 4349K, committed 4544K, reserved 1048576K
}
Event: 3.692 GC heap before
{Heap before GC invocations=9 (full 0):
 garbage-first heap   total reserved 2017280K, committed 57344K, used 47241K [0x0000000084e00000, 0x0000000100000000)
  region size 1024K, 27 young (27648K), 3 survivors (3072K)
 Metaspace       used 52106K, committed 52544K, reserved 1114112K
  class space    used 5283K, committed 5440K, reserved 1048576K
}
Event: 3.695 GC heap after
{Heap after GC invocations=10 (full 0):
 garbage-first heap   total reserved 2017280K, committed 57344K, used 24845K [0x0000000084e00000, 0x0000000100000000)
  region size 1024K, 4 young (4096K), 4 survivors (4096K)
 Metaspace       used 52106K, committed 52544K, reserved 1114112K
  class space    used 5283K, committed 5440K, reserved 1048576K
}
Event: 4.051 GC heap before
{Heap before GC invocations=10 (full 0):
 garbage-first heap   total reserved 2017280K, committed 57344K, used 45325K [0x0000000084e00000, 0x0000000100000000)
  region size 1024K, 26 young (26624K), 4 survivors (4096K)
 Metaspace       used 59730K, committed 60160K, reserved 1114112K
  class space    used 6178K, committed 6336K, reserved 1048576K
}
Event: 4.053 GC heap after
{Heap after GC invocations=11 (full 0):
 garbage-first heap   total reserved 2017280K, committed 57344K, used 26546K [0x0000000084e00000, 0x0000000100000000)
  region size 1024K, 4 young (4096K), 4 survivors (4096K)
 Metaspace       used 59730K, committed 60160K, reserved 1114112K
  class space    used 6178K, committed 6336K, reserved 1048576K
}
Event: 4.342 GC heap before
{Heap before GC invocations=12 (full 0):
 garbage-first heap   total reserved 2017280K, committed 57344K, used 48050K [0x0000000084e00000, 0x0000000100000000)
  region size 1024K, 25 young (25600K), 4 survivors (4096K)
 Metaspace       used 63358K, committed 63872K, reserved 1114112K
  class space    used 6610K, committed 6784K, reserved 1048576K
}
Event: 4.345 GC heap after
{Heap after GC invocations=13 (full 0):
 garbage-first heap   total reserved 2017280K, committed 57344K, used 27927K [0x0000000084e00000, 0x0000000100000000)
  region size 1024K, 3 young (3072K), 3 survivors (3072K)
 Metaspace       used 63358K, committed 63872K, reserved 1114112K
  class space    used 6610K, committed 6784K, reserved 1048576K
}
Event: 4.687 GC heap before
{Heap before GC invocations=13 (full 0):
 garbage-first heap   total reserved 2017280K, committed 57344K, used 49431K [0x0000000084e00000, 0x0000000100000000)
  region size 1024K, 24 young (24576K), 3 survivors (3072K)
 Metaspace       used 66226K, committed 66880K, reserved 1114112K
  class space    used 6964K, committed 7232K, reserved 1048576K
}
Event: 4.690 GC heap after
{Heap after GC invocations=14 (full 0):
 garbage-first heap   total reserved 2017280K, committed 57344K, used 29954K [0x0000000084e00000, 0x0000000100000000)
  region size 1024K, 3 young (3072K), 3 survivors (3072K)
 Metaspace       used 66226K, committed 66880K, reserved 1114112K
  class space    used 6964K, committed 7232K, reserved 1048576K
}
Event: 362.055 GC heap before
{Heap before GC invocations=14 (full 0):
 garbage-first heap   total reserved 2017280K, committed 57344K, used 49410K [0x0000000084e00000, 0x0000000100000000)
  region size 1024K, 22 young (22528K), 3 survivors (3072K)
 Metaspace       used 67349K, committed 67904K, reserved 1114112K
  class space    used 7054K, committed 7296K, reserved 1048576K
}
Event: 362.078 GC heap after
{Heap after GC invocations=15 (full 0):
 garbage-first heap   total reserved 2017280K, committed 57344K, used 30837K [0x0000000084e00000, 0x0000000100000000)
  region size 1024K, 1 young (1024K), 1 survivors (1024K)
 Metaspace       used 67349K, committed 67904K, reserved 1114112K
  class space    used 7054K, committed 7296K, reserved 1048576K
}

Dll operation events (12 events):
Event: 0.043 Loaded shared library C:\Program Files\Java\jdk-24\bin\java.dll
Event: 0.066 Loaded shared library C:\Program Files\Java\jdk-24\bin\jsvml.dll
Event: 0.119 Loaded shared library C:\Program Files\Java\jdk-24\bin\zip.dll
Event: 0.122 Loaded shared library C:\Program Files\Java\jdk-24\bin\instrument.dll
Event: 0.125 Loaded shared library C:\Program Files\Java\jdk-24\bin\net.dll
Event: 0.126 Loaded shared library C:\Program Files\Java\jdk-24\bin\nio.dll
Event: 0.128 Loaded shared library C:\Program Files\Java\jdk-24\bin\zip.dll
Event: 0.188 Loaded shared library C:\Program Files\Java\jdk-24\bin\jimage.dll
Event: 0.218 Loaded shared library C:\Program Files\Java\jdk-24\bin\extnet.dll
Event: 0.241 Loaded shared library C:\Program Files\Java\jdk-24\bin\management.dll
Event: 0.252 Loaded shared library C:\Program Files\Java\jdk-24\bin\management_ext.dll
Event: 1.173 Loaded shared library C:\Program Files\Java\jdk-24\bin\sunmscapi.dll

Deoptimization events (20 events):
Event: 24.761 Thread 0x000001ccd539bb80 Uncommon trap: trap_request=0xffffff4d fr.pc=0x000001cc87e56798 relative=0x00000000000000f8
Event: 24.761 Thread 0x000001ccd539bb80 Uncommon trap: reason=unstable_if action=reinterpret pc=0x000001cc87e56798 method=java.util.concurrent.locks.ReentrantLock$NonfairSync.initialTryLock()Z @ 25 c2
Event: 24.761 Thread 0x000001ccd539bb80 DEOPT PACKING pc=0x000001cc87e56798 sp=0x00000013a7dfed50
Event: 24.761 Thread 0x000001ccd539bb80 DEOPT UNPACKING pc=0x000001cc87565c02 sp=0x00000013a7dfec18 mode 2
Event: 215.488 Thread 0x000001ccd43f5310 Uncommon trap: trap_request=0xffffffcc fr.pc=0x000001cc87ed995c relative=0x00000000000002bc
Event: 215.489 Thread 0x000001ccd43f5310 Uncommon trap: reason=intrinsic_or_type_checked_inlining action=make_not_entrant pc=0x000001cc87ed995c method=java.util.ArrayList.toArray([Ljava/lang/Object;)[Ljava/lang/Object; @ 36 c2
Event: 215.489 Thread 0x000001ccd43f5310 DEOPT PACKING pc=0x000001cc87ed995c sp=0x00000013a6afe6a0
Event: 215.490 Thread 0x000001ccd43f5310 DEOPT UNPACKING pc=0x000001cc87565c02 sp=0x00000013a6afe640 mode 2
Event: 300.532 Thread 0x000001ccd43f5310 Uncommon trap: trap_request=0xffffff4d fr.pc=0x000001cc87ecaf4c relative=0x000000000000238c
Event: 300.532 Thread 0x000001ccd43f5310 Uncommon trap: reason=unstable_if action=reinterpret pc=0x000001cc87ecaf4c method=java.io.ObjectStreamField.isPrimitive()Z @ 14 c2
Event: 300.532 Thread 0x000001ccd43f5310 DEOPT PACKING pc=0x000001cc87ecaf4c sp=0x00000013a6afe830
Event: 300.532 Thread 0x000001ccd43f5310 DEOPT UNPACKING pc=0x000001cc87565c02 sp=0x00000013a6afe6d8 mode 2
Event: 300.532 Thread 0x000001ccd43f5310 Uncommon trap: trap_request=0xffffff4d fr.pc=0x000001cc87ed4904 relative=0x0000000000000f04
Event: 300.532 Thread 0x000001ccd43f5310 Uncommon trap: reason=unstable_if action=reinterpret pc=0x000001cc87ed4904 method=java.io.ObjectStreamClass$FieldReflector.getObjFieldValues(Ljava/lang/Object;[Ljava/lang/Object;)V @ 39 c2
Event: 300.532 Thread 0x000001ccd43f5310 DEOPT PACKING pc=0x000001cc87ed4904 sp=0x00000013a6afe850
Event: 300.532 Thread 0x000001ccd43f5310 DEOPT UNPACKING pc=0x000001cc87565c02 sp=0x00000013a6afe710 mode 2
Event: 300.532 Thread 0x000001ccd43f5310 Uncommon trap: trap_request=0xffffff4d fr.pc=0x000001cc87eb5068 relative=0x0000000000002a48
Event: 300.532 Thread 0x000001ccd43f5310 Uncommon trap: reason=unstable_if action=reinterpret pc=0x000001cc87eb5068 method=java.io.ObjectOutputStream.writeObject0(Ljava/lang/Object;Z)V @ 459 c2
Event: 300.532 Thread 0x000001ccd43f5310 DEOPT PACKING pc=0x000001cc87eb5068 sp=0x00000013a6afe770
Event: 300.532 Thread 0x000001ccd43f5310 DEOPT UNPACKING pc=0x000001cc87565c02 sp=0x00000013a6afe758 mode 2

Classes loaded (20 events):
Event: 4.764 Loading class java/beans/WeakIdentityMap done
Event: 4.764 Loading class java/beans/ThreadGroupContext$1 done
Event: 4.764 Loading class java/beans/WeakIdentityMap$Entry
Event: 4.764 Loading class java/beans/WeakIdentityMap$Entry done
Event: 4.764 Loading class com/sun/beans/introspect/ClassInfo
Event: 4.764 Loading class com/sun/beans/introspect/ClassInfo done
Event: 4.764 Loading class com/sun/beans/introspect/ClassInfo$1
Event: 4.764 Loading class com/sun/beans/util/Cache
Event: 4.764 Loading class com/sun/beans/util/Cache done
Event: 4.764 Loading class com/sun/beans/introspect/ClassInfo$1 done
Event: 4.764 Loading class com/sun/beans/util/Cache$Kind
Event: 4.764 Loading class com/sun/beans/util/Cache$Kind done
Event: 4.764 Loading class com/sun/beans/util/Cache$Kind$1
Event: 4.764 Loading class com/sun/beans/util/Cache$Kind$1 done
Event: 4.764 Loading class com/sun/beans/util/Cache$Kind$2
Event: 4.764 Loading class com/sun/beans/util/Cache$Kind$2 done
Event: 4.764 Loading class com/sun/beans/util/Cache$Kind$3
Event: 4.764 Loading class com/sun/beans/util/Cache$Kind$3 done
Event: 4.764 Loading class com/sun/beans/util/Cache$CacheEntry
Event: 4.764 Loading class com/sun/beans/util/Cache$CacheEntry done

Classes unloaded (0 events):
No events

Classes redefined (0 events):
No events

Internal exceptions (20 events):
Event: 4.088 Thread 0x000001ccd43f5a60 Exception <a 'java/lang/NoSuchMethodError'{0x000000008c9f8290}: 'int java.lang.invoke.DirectMethodHandle$Holder.invokeStatic(java.lang.Object, int, java.lang.Object)'> (0x000000008c9f8290) 
thrown [s\open\src\hotspot\share\interpreter\linkResolver.cpp, line 805]
Event: 4.090 Thread 0x000001ccd43f5a60 Exception <a 'java/lang/NoSuchMethodError'{0x000000008ab25400}: 'java.lang.Object java.lang.invoke.DirectMethodHandle$Holder.newInvokeSpecial(java.lang.Object, java.lang.Object, java.lang.Object, java.lang.Object, java.lang.Object, int, java.lang.Object)'> (0x000000008ab25400) 
thrown [s\open\src\hotspot\share\interpreter\linkResolver.cpp, line 805]
Event: 4.092 Thread 0x000001ccd43f5a60 Exception <a 'java/lang/NoSuchMethodError'{0x000000008ab72620}: 'java.lang.Object java.lang.invoke.Invokers$Holder.linkToTargetMethod(java.lang.Object, java.lang.Object, java.lang.Object, java.lang.Object, java.lang.Object, java.lang.Object, java.lang.Object, java.lang.Object, java.lang.Object, java.lang.Object, java.lang.Object, java.lang.Object)'> (0x000000008ab72620) 
thrown [s\open\src\hotspot\share\interpreter\linkResolver.cpp, line 805]
Event: 4.112 Thread 0x000001ccd43f5a60 Exception <a 'java/lang/IncompatibleClassChangeError'{0x000000008aaf1690}: Found class java.lang.Object, but interface was expected> (0x000000008aaf1690) 
thrown [s\open\src\hotspot\share\interpreter\linkResolver.cpp, line 872]
Event: 4.119 Thread 0x000001ccd43f5a60 Exception <a 'java/lang/NoSuchMethodError'{0x000000008a978f70}: 'java.lang.Object java.lang.invoke.DirectMethodHandle$Holder.newInvokeSpecial(java.lang.Object, java.lang.Object, java.lang.Object, java.lang.Object, java.lang.Object, java.lang.Object, java.lang.Object, int)'> (0x000000008a978f70) 
thrown [s\open\src\hotspot\share\interpreter\linkResolver.cpp, line 805]
Event: 4.119 Thread 0x000001ccd43f5a60 Exception <a 'java/lang/NoSuchMethodError'{0x000000008a982598}: 'java.lang.Object java.lang.invoke.DirectMethodHandle$Holder.invokeSpecial(java.lang.Object, java.lang.Object, java.lang.Object, java.lang.Object, java.lang.Object, java.lang.Object, java.lang.Object, java.lang.Object, int)'> (0x000000008a982598) 
thrown [s\open\src\hotspot\share\interpreter\linkResolver.cpp, line 805]
Event: 4.119 Thread 0x000001ccd43f5a60 Exception <a 'java/lang/NoSuchMethodError'{0x000000008a98b0f8}: 'java.lang.Object java.lang.invoke.Invokers$Holder.linkToTargetMethod(java.lang.Object, java.lang.Object, java.lang.Object, java.lang.Object, java.lang.Object, java.lang.Object, int, java.lang.Object)'> (0x000000008a98b0f8) 
thrown [s\open\src\hotspot\share\interpreter\linkResolver.cpp, line 805]
Event: 4.214 Thread 0x000001ccd43f5a60 Exception <a 'java/lang/NoSuchMethodError'{0x0000000087b8c480}: 'void java.lang.invoke.Invokers$Holder.invokeExact_MT(java.lang.Object, java.lang.Object, java.lang.Object, java.lang.Object)'> (0x0000000087b8c480) 
thrown [s\open\src\hotspot\share\interpreter\linkResolver.cpp, line 805]
Event: 4.227 Thread 0x000001ccd43f5a60 Implicit null exception at 0x000001cc87c52f83 to 0x000001cc87c53268
Event: 4.252 Thread 0x000001ccd43f5a60 Implicit null exception at 0x000001cc87e3f89a to 0x000001cc87e40ed4
Event: 4.256 Thread 0x000001ccd43f5a60 Exception <a 'java/lang/IncompatibleClassChangeError'{0x00000000877e8090}: Found class java.lang.Object, but interface was expected> (0x00000000877e8090) 
thrown [s\open\src\hotspot\share\interpreter\linkResolver.cpp, line 872]
Event: 4.290 Thread 0x000001ccd43f5a60 Exception <a 'java/lang/IncompatibleClassChangeError'{0x000000008756fad0}: Found class java.lang.Object, but interface was expected> (0x000000008756fad0) 
thrown [s\open\src\hotspot\share\interpreter\linkResolver.cpp, line 872]
Event: 4.350 Thread 0x000001ccd43f5a60 Exception <a 'java/lang/IncompatibleClassChangeError'{0x00000000fff993f0}: Found class java.lang.Object, but interface was expected> (0x00000000fff993f0) 
thrown [s\open\src\hotspot\share\interpreter\linkResolver.cpp, line 872]
Event: 4.406 Thread 0x000001ccd43f5a60 Exception <a 'java/lang/NoSuchMethodError'{0x000000008a967498}: 'java.lang.Object java.lang.invoke.DirectMethodHandle$Holder.newInvokeSpecial(java.lang.Object, java.lang.Object, java.lang.Object, java.lang.Object, java.lang.Object, java.lang.Object, java.lang.Object, java.lang.Object)'> (0x000000008a967498) 
thrown [s\open\src\hotspot\share\interpreter\linkResolver.cpp, line 805]
Event: 4.429 Thread 0x000001ccd43f5a60 Exception <a 'java/io/IOException'{0x0000000087e39198}> (0x0000000087e39198) 
thrown [s\open\src\hotspot\share\prims\jni.cpp, line 518]
Event: 4.568 Thread 0x000001ccd43f5a60 Exception <a 'java/lang/IncompatibleClassChangeError'{0x0000000087799638}: Found class java.lang.Object, but interface was expected> (0x0000000087799638) 
thrown [s\open\src\hotspot\share\interpreter\linkResolver.cpp, line 872]
Event: 4.625 Thread 0x000001ccd43f5a60 Exception <a 'java/lang/NoSuchMethodError'{0x00000000873215d0}: 'int java.lang.invoke.DirectMethodHandle$Holder.invokeStaticInit(java.lang.Object, java.lang.Object, java.lang.Object, java.lang.Object)'> (0x00000000873215d0) 
thrown [s\open\src\hotspot\share\interpreter\linkResolver.cpp, line 805]
Event: 4.651 Thread 0x000001ccd43f5a60 Exception <a 'java/lang/IncompatibleClassChangeError'{0x00000000872a28f8}: Found class java.lang.Object, but interface was expected> (0x00000000872a28f8) 
thrown [s\open\src\hotspot\share\interpreter\linkResolver.cpp, line 872]
Event: 4.658 Thread 0x000001ccd43f5a60 Implicit null exception at 0x000001cc87cedc22 to 0x000001cc87cedd1c
Event: 4.733 Thread 0x000001ccd43f5a60 Exception <a 'java/lang/NoSuchMethodError'{0x000000008abe5b30}: 'java.lang.Object java.lang.invoke.DirectMethodHandle$Holder.newInvokeSpecial(java.lang.Object, java.lang.Object, int, java.lang.Object, java.lang.Object)'> (0x000000008abe5b30) 
thrown [s\open\src\hotspot\share\interpreter\linkResolver.cpp, line 805]

VM Operations (20 events):
Event: 4.501 Executing VM operation: HandshakeAllThreads (Deoptimize)
Event: 4.501 Executing VM operation: HandshakeAllThreads (Deoptimize) done
Event: 4.574 Executing VM operation: HandshakeAllThreads (Deoptimize)
Event: 4.574 Executing VM operation: HandshakeAllThreads (Deoptimize) done
Event: 4.609 Executing VM operation: HandshakeAllThreads (Deoptimize)
Event: 4.609 Executing VM operation: HandshakeAllThreads (Deoptimize) done
Event: 4.687 Executing VM operation: G1CollectForAllocation (G1 Evacuation Pause)
Event: 4.690 Executing VM operation: G1CollectForAllocation (G1 Evacuation Pause) done
Event: 4.732 Executing VM operation: HandshakeAllThreads (Deoptimize)
Event: 4.732 Executing VM operation: HandshakeAllThreads (Deoptimize) done
Event: 60.276 Executing VM operation: HandshakeAllThreads (HandshakeForDeflation)
Event: 60.276 Executing VM operation: HandshakeAllThreads (HandshakeForDeflation) done
Event: 60.276 Executing VM operation: RendezvousGCThreads
Event: 60.276 Executing VM operation: RendezvousGCThreads done
Event: 362.052 Executing VM operation: G1CollectForAllocation (G1 Evacuation Pause)
Event: 362.078 Executing VM operation: G1CollectForAllocation (G1 Evacuation Pause) done
Event: 362.122 Executing VM operation: G1PauseRemark
Event: 362.162 Executing VM operation: G1PauseRemark done
Event: 362.166 Executing VM operation: G1PauseCleanup
Event: 362.166 Executing VM operation: G1PauseCleanup done

Memory protections (0 events):
No events

Nmethod flushes (20 events):
Event: 362.147 Thread 0x000001ccf9ddb7c0 flushing  nmethod 0x000001cc800eb408
Event: 362.147 Thread 0x000001ccf9ddb7c0 flushing  nmethod 0x000001cc800eb708
Event: 362.147 Thread 0x000001ccf9ddb7c0 flushing  nmethod 0x000001cc800ebb88
Event: 362.147 Thread 0x000001ccf9ddb7c0 flushing  nmethod 0x000001cc80162a88
Event: 362.147 Thread 0x000001ccf9ddb7c0 flushing  nmethod 0x000001cc80163008
Event: 362.147 Thread 0x000001ccf9ddb7c0 flushing  nmethod 0x000001cc80163388
Event: 362.147 Thread 0x000001ccf9ddb7c0 flushing  nmethod 0x000001cc80163688
Event: 362.147 Thread 0x000001ccf9ddb7c0 flushing  nmethod 0x000001cc80197b88
Event: 362.147 Thread 0x000001ccf9ddb7c0 flushing  nmethod 0x000001cc80198308
Event: 362.147 Thread 0x000001ccf9ddb7c0 flushing  nmethod 0x000001cc80503b08
Event: 362.147 Thread 0x000001ccf9ddb7c0 flushing  nmethod 0x000001cc80507b88
Event: 362.147 Thread 0x000001ccf9ddb7c0 flushing  nmethod 0x000001cc80509e88
Event: 362.147 Thread 0x000001ccf9ddb7c0 flushing  nmethod 0x000001cc8050a688
Event: 362.147 Thread 0x000001ccf9ddb7c0 flushing  nmethod 0x000001cc806e5a08
Event: 362.147 Thread 0x000001ccf9ddb7c0 flushing  nmethod 0x000001cc80714708
Event: 362.148 Thread 0x000001ccf9ddb7c0 flushing  nmethod 0x000001cc80747a88
Event: 362.148 Thread 0x000001ccf9ddb7c0 flushing  nmethod 0x000001cc80748108
Event: 362.148 Thread 0x000001ccf9ddb7c0 flushing  nmethod 0x000001cc808be908
Event: 362.148 Thread 0x000001ccf9ddb7c0 flushing  nmethod 0x000001cc80985088
Event: 362.148 Thread 0x000001ccf9ddb7c0 flushing  nmethod 0x000001cc80986008

Events (20 events):
Event: 4.741 Thread 0x000001ccd43f5a60 Thread added: 0x000001ccd8dc5750
Event: 4.741 Thread 0x000001ccd43f5a60 Thread added: 0x000001ccd8dc65f0
Event: 4.749 Thread 0x000001ccd43f5a60 Thread added: 0x000001ccd8dc32c0
Event: 4.750 Thread 0x000001ccd43f5a60 Thread added: 0x000001ccd8dc8a80
Event: 4.763 Thread 0x000001ccd43f5a60 Thread exited: 0x000001ccd43f5a60
Event: 4.765 Thread 0x000001ccd43f77a0 Thread exited: 0x000001ccd43f77a0
Event: 4.765 Thread 0x000001cceb602140 Thread exited: 0x000001cceb602140
Event: 4.765 Thread 0x000001ccd8dc9920 Thread added: 0x000001ccd8dc9920
Event: 5.964 Thread 0x000001ccd5098c90 Thread exited: 0x000001ccd5098c90
Event: 5.964 Thread 0x000001ccd413cc20 Thread exited: 0x000001ccd413cc20
Event: 6.966 Thread 0x000001ccd5098500 Thread exited: 0x000001ccd5098500
Event: 6.986 Thread 0x000001ccd40d65b0 Thread exited: 0x000001ccd40d65b0
Event: 6.986 Thread 0x000001ccd40d5a90 Thread exited: 0x000001ccd40d5a90
Event: 8.907 Thread 0x000001ccd539d8c0 Thread exited: 0x000001ccd539d8c0
Event: 129.541 Thread 0x000001ccf9f4c9b0 Thread added: 0x000001ccd8d58550
Event: 132.658 Thread 0x000001ccd8d58550 Thread exited: 0x000001ccd8d58550
Event: 132.658 Thread 0x000001ccf9f4c9b0 Thread added: 0x000001ccd8d58550
Event: 138.895 Thread 0x000001ccd8d58550 Thread exited: 0x000001ccd8d58550
Event: 198.962 Thread 0x000001ccf9f4c9b0 Thread added: 0x000001ccd8d55060
Event: 199.764 Thread 0x000001ccd8d55060 Thread exited: 0x000001ccd8d55060


Dynamic libraries:
0x00007ff75ca80000 - 0x00007ff75ca90000 	C:\Program Files\Java\jdk-24\bin\java.exe
0x00007ffa751e0000 - 0x00007ffa75448000 	C:\Windows\SYSTEM32\ntdll.dll
0x00007ffa73a40000 - 0x00007ffa73b09000 	C:\Windows\System32\KERNEL32.DLL
0x00007ffa729a0000 - 0x00007ffa72d92000 	C:\Windows\System32\KERNELBASE.dll
0x00007ffa72430000 - 0x00007ffa7257b000 	C:\Windows\System32\ucrtbase.dll
0x00007ffa57780000 - 0x00007ffa5779b000 	C:\Program Files\Java\jdk-24\bin\VCRUNTIME140.dll
0x00007ffa55e90000 - 0x00007ffa55ea6000 	C:\Program Files\Java\jdk-24\bin\jli.dll
0x00007ffa73520000 - 0x00007ffa736e5000 	C:\Windows\System32\USER32.dll
0x00007ffa72760000 - 0x00007ffa72787000 	C:\Windows\System32\win32u.dll
0x00007ffa74dc0000 - 0x00007ffa74deb000 	C:\Windows\System32\GDI32.dll
0x00007ffa72580000 - 0x00007ffa726ad000 	C:\Windows\System32\gdi32full.dll
0x00007ffa726b0000 - 0x00007ffa72753000 	C:\Windows\System32\msvcp_win.dll
0x00007ffa50f70000 - 0x00007ffa51203000 	C:\Windows\WinSxS\amd64_microsoft.windows.common-controls_6595b64144ccf1df_6.0.26100.6899_none_3e0efeeae32e88c1\COMCTL32.dll
0x00007ffa736f0000 - 0x00007ffa73799000 	C:\Windows\System32\msvcrt.dll
0x00007ffa74df0000 - 0x00007ffa74e1f000 	C:\Windows\System32\IMM32.DLL
0x00007ffa575e0000 - 0x00007ffa575ec000 	C:\Program Files\Java\jdk-24\bin\vcruntime140_1.dll
0x00007ffa53460000 - 0x00007ffa534ee000 	C:\Program Files\Java\jdk-24\bin\msvcp140.dll
0x00007ff9b6c60000 - 0x00007ff9b7a01000 	C:\Program Files\Java\jdk-24\bin\server\jvm.dll
0x00007ffa75010000 - 0x00007ffa750c4000 	C:\Windows\System32\ADVAPI32.dll
0x00007ffa750f0000 - 0x00007ffa75196000 	C:\Windows\System32\sechost.dll
0x00007ffa73e50000 - 0x00007ffa73f68000 	C:\Windows\System32\RPCRT4.dll
0x00007ffa739c0000 - 0x00007ffa73a34000 	C:\Windows\System32\WS2_32.dll
0x00007ffa70fa0000 - 0x00007ffa70ffe000 	C:\Windows\SYSTEM32\POWRPROF.dll
0x00007ffa601e0000 - 0x00007ffa601eb000 	C:\Windows\SYSTEM32\VERSION.dll
0x00007ffa6ee20000 - 0x00007ffa6ee55000 	C:\Windows\SYSTEM32\WINMM.dll
0x00007ffa70f80000 - 0x00007ffa70f94000 	C:\Windows\SYSTEM32\UMPDC.dll
0x00007ffa71260000 - 0x00007ffa7127b000 	C:\Windows\SYSTEM32\kernel.appcore.dll
0x00007ffa57430000 - 0x00007ffa5743a000 	C:\Program Files\Java\jdk-24\bin\jimage.dll
0x00007ffa6fb70000 - 0x00007ffa6fdb2000 	C:\Windows\SYSTEM32\DBGHELP.DLL
0x00007ffa73040000 - 0x00007ffa733bb000 	C:\Windows\System32\combase.dll
0x00007ffa73b40000 - 0x00007ffa73c17000 	C:\Windows\System32\OLEAUT32.dll
0x00007ffa4b980000 - 0x00007ffa4b9bc000 	C:\Windows\SYSTEM32\dbgcore.DLL
0x00007ffa72790000 - 0x00007ffa72828000 	C:\Windows\System32\bcryptPrimitives.dll
0x00007ffa55e80000 - 0x00007ffa55e8f000 	C:\Program Files\Java\jdk-24\bin\instrument.dll
0x00007ffa52d10000 - 0x00007ffa52d2e000 	C:\Program Files\Java\jdk-24\bin\java.dll
0x00007ffa73cb0000 - 0x00007ffa73e48000 	C:\Windows\System32\ole32.dll
0x00007ffa74650000 - 0x00007ffa74d9d000 	C:\Windows\System32\SHELL32.dll
0x00007ffa72830000 - 0x00007ffa7299b000 	C:\Windows\System32\wintypes.dll
0x00007ffa6ffd0000 - 0x00007ffa7082d000 	C:\Windows\SYSTEM32\windows.storage.dll
0x00007ffa737a0000 - 0x00007ffa73892000 	C:\Windows\System32\SHCORE.dll
0x00007ffa740d0000 - 0x00007ffa74132000 	C:\Windows\System32\shlwapi.dll
0x00007ffa72290000 - 0x00007ffa722b9000 	C:\Windows\SYSTEM32\profapi.dll
0x00007ffa4e7e0000 - 0x00007ffa4e8b7000 	C:\Program Files\Java\jdk-24\bin\jsvml.dll
0x00007ffa52cf0000 - 0x00007ffa52d07000 	C:\Program Files\Java\jdk-24\bin\zip.dll
0x00007ffa55d10000 - 0x00007ffa55d20000 	C:\Program Files\Java\jdk-24\bin\net.dll
0x00007ffa717d0000 - 0x00007ffa7183b000 	C:\Windows\system32\mswsock.dll
0x00007ffa516a0000 - 0x00007ffa516b6000 	C:\Program Files\Java\jdk-24\bin\nio.dll
0x00007ffa53760000 - 0x00007ffa53769000 	C:\Program Files\Java\jdk-24\bin\extnet.dll
0x00007ffa70d50000 - 0x00007ffa70e76000 	C:\Windows\SYSTEM32\DNSAPI.dll
0x00007ffa70d10000 - 0x00007ffa70d44000 	C:\Windows\SYSTEM32\IPHLPAPI.DLL
0x00007ffa738a0000 - 0x00007ffa738aa000 	C:\Windows\System32\NSI.dll
0x00007ffa697d0000 - 0x00007ffa697db000 	C:\Windows\System32\rasadhlp.dll
0x00007ffa6b9d0000 - 0x00007ffa6ba56000 	C:\Windows\System32\fwpuclnt.dll
0x00007ffa53450000 - 0x00007ffa5345a000 	C:\Program Files\Java\jdk-24\bin\management.dll
0x00007ffa51690000 - 0x00007ffa5169b000 	C:\Program Files\Java\jdk-24\bin\management_ext.dll
0x00007ffa74db0000 - 0x00007ffa74db8000 	C:\Windows\System32\PSAPI.DLL
0x00007ffa71a80000 - 0x00007ffa71a9b000 	C:\Windows\SYSTEM32\CRYPTSP.dll
0x00007ffa711c0000 - 0x00007ffa711fb000 	C:\Windows\system32\rsaenh.dll
0x00007ffa71870000 - 0x00007ffa7189b000 	C:\Windows\SYSTEM32\USERENV.dll
0x00007ffa72260000 - 0x00007ffa72286000 	C:\Windows\SYSTEM32\bcrypt.dll
0x00007ffa71aa0000 - 0x00007ffa71aac000 	C:\Windows\SYSTEM32\CRYPTBASE.dll
0x00007ffa41460000 - 0x00007ffa41478000 	C:\Windows\system32\napinsp.dll
0x00007ffa413e0000 - 0x00007ffa413f2000 	C:\Windows\System32\winrnr.dll
0x00007ffa40f70000 - 0x00007ffa40f98000 	C:\Windows\system32\nlansp_c.dll
0x00007ffa67da0000 - 0x00007ffa67db6000 	C:\Windows\system32\wshbth.dll
0x00007ffa4bed0000 - 0x00007ffa4bf26000 	C:\Windows\SYSTEM32\pdh.dll
0x00007ffa3e030000 - 0x00007ffa3e042000 	C:\Windows\System32\perfproc.dll
0x00007ffa51680000 - 0x00007ffa5168e000 	C:\Program Files\Java\jdk-24\bin\sunmscapi.dll
0x00007ffa72da0000 - 0x00007ffa72f17000 	C:\Windows\System32\CRYPT32.dll
0x00007ffa71ca0000 - 0x00007ffa71cd0000 	C:\Windows\SYSTEM32\ncrypt.dll
0x00007ffa71c50000 - 0x00007ffa71c8f000 	C:\Windows\SYSTEM32\NTASN1.dll
0x00007ffa50220000 - 0x00007ffa50228000 	C:\Windows\system32\wshunix.dll

JVMTI agents:
C:\Program Files\JetBrains\IntelliJ IDEA Community Edition 2025.2\lib\idea_rt.jar path:C:\Program Files\Java\jdk-24\bin\instrument.dll, loaded, initialized, instrumentlib options:51458

dbghelp: loaded successfully - version: 4.0.5 - missing functions: none
symbol engine: initialized successfully - sym options: 0x614 - pdb path: .;C:\Program Files\Java\jdk-24\bin;C:\Windows\SYSTEM32;C:\Windows\WinSxS\amd64_microsoft.windows.common-controls_6595b64144ccf1df_6.0.26100.6899_none_3e0efeeae32e88c1;C:\Program Files\Java\jdk-24\bin\server

VM Arguments:
jvm_args: -javaagent:C:\Program Files\JetBrains\IntelliJ IDEA Community Edition 2025.2\lib\idea_rt.jar=51458 -Dfile.encoding=UTF-8 -Dsun.stdout.encoding=UTF-8 -Dsun.stderr.encoding=UTF-8 
java_command: com.taskmanager.task_manager.TaskManagerApplication
java_class_path (initial): C:\Users\DELL\Downloads\task-manager\task-manager\target\classes;C:\Users\DELL\.m2\repository\org\springframework\boot\spring-boot-starter-data-jpa\3.5.7\spring-boot-starter-data-jpa-3.5.7.jar;C:\Users\DELL\.m2\repository\org\springframework\boot\spring-boot-starter\3.5.7\spring-boot-starter-3.5.7.jar;C:\Users\DELL\.m2\repository\org\springframework\boot\spring-boot-starter-logging\3.5.7\spring-boot-starter-logging-3.5.7.jar;C:\Users\DELL\.m2\repository\ch\qos\logback\logback-classic\1.5.20\logback-classic-1.5.20.jar;C:\Users\DELL\.m2\repository\ch\qos\logback\logback-core\1.5.20\logback-core-1.5.20.jar;C:\Users\DELL\.m2\repository\org\apache\logging\log4j\log4j-to-slf4j\2.24.3\log4j-to-slf4j-2.24.3.jar;C:\Users\DELL\.m2\repository\org\apache\logging\log4j\log4j-api\2.24.3\log4j-api-2.24.3.jar;C:\Users\DELL\.m2\repository\org\slf4j\jul-to-slf4j\2.0.17\jul-to-slf4j-2.0.17.jar;C:\Users\DELL\.m2\repository\jakarta\annotation\jakarta.annotation-api\2.1.1\jakarta.annotation-api-2.1.1.jar;C:\Users\DELL\.m2\repository\org\yaml\snakeyaml\2.4\snakeyaml-2.4.jar;C:\Users\DELL\.m2\repository\org\springframework\boot\spring-boot-starter-jdbc\3.5.7\spring-boot-starter-jdbc-3.5.7.jar;C:\Users\DELL\.m2\repository\com\zaxxer\HikariCP\6.3.3\HikariCP-6.3.3.jar;C:\Users\DELL\.m2\repository\org\springframework\spring-jdbc\6.2.12\spring-jdbc-6.2.12.jar;C:\Users\DELL\.m2\repository\org\hibernate\orm\hibernate-core\6.6.33.Final\hibernate-core-6.6.33.Final.jar;C:\Users\DELL\.m2\repository\jakarta\persistence\jakarta.persistence-api\3.1.0\jakarta.persistence-api-3.1.0.jar;C:\Users\DELL\.m2\repository\jakarta\transaction\jakarta.transaction-api\2.0.1\jakarta.transaction-api-2.0.1.jar;C:\Users\DELL\.m2\repository\org\jboss\logging\jboss-logging\3.6.1.Final\jboss-logging-3.6.1.Final.jar;C:\Users\DELL\.m2\repository\org\hibernate\common\hibernate-commons-annotations\7.0.3.Final\hibernate-commons-annotations-7.0.3.Final.jar;C:\Users\DELL\.m2\repository\io\smallrye\jandex\3.2.0\jandex-3.2.0.jar;C:\Users\DELL\.m2\repository\com\fasterxml\classmate\1.7.1\classmate-1.7.1.jar;C:\Users\DELL\.m2\repository\net\bytebuddy\byte-buddy\1.17.8\byte-buddy-1.17.8.jar;C:\Users\DELL\.m2\repository\org\glassfish\jaxb\jaxb-runtime\4.0.6\jaxb-runtime-4.0.6.jar;C:\Users\DELL\.m2\repository\org\glassfish\jaxb\jaxb-core\4.0.6\jaxb-core-4.0.6.jar;C:\Users\DELL\.m2\repository\org\eclipse\angus\angus-activation\2.0.3\angus-activation-2.0.3.jar;C:\Users\DELL\.m2\repository\org\glassfish\jaxb\txw2\4.0.6\txw2-4.0.6.jar;C:\Users\DELL\.m2\repository\com\sun\istack\istack-commons-runtime\4.1.2\istack-commons-runtime-4.1.2.jar;C:\Users\DELL\.m2\repository\jakarta\inject\jakarta.inject-api\2.0.1\jakarta.inject-api-2.0.1.jar;C:\Users\DELL\.m2\repository\org\antlr\antlr4-runtime\4.13.0\antlr4-runtime-4.13.0.jar;C:\Users\DELL\.m2\repository\org\springframework\data\spring-data-jpa\3.5.5\spring-data-jpa-3.5.5.jar;C:\Users\DELL\.m2\repository\org\springframework\data\spring-data-commons\3.5.5\spring-data-commons-3.5.5.jar;C:\Users\DELL\.m2\repository\org\springframework\spring-orm\6.2.12\spring-orm-6.2.12.jar;C:\Users\DELL\.m2\repository\org\springframework\spring-context\6.2.12\spring-context-6.2.12.jar;C:\Users\DELL\.m2\repository\org\springframework\spring-aop\6.2.12\spring-aop-6.2.12.jar;C:\Users\DELL\.m2\repository\org\springframework\spring-tx\6.2.12\spring-tx-6.2.12.jar;C:\Users\DELL\.m2\repository\org\springframework\spring-beans\6.2.12\spring-beans-6.2.12.jar;C:\Users\DELL\.m2\repository\org\slf4j\slf4j-api\2.0.17\slf4j-api-2.0.17.jar;C:\Users\DELL\.m2\repository\org\springframework\spring-aspects\6.2.12\spring-aspects-6.2.12.jar;C:\Users\DELL\.m2\repository\org\aspectj\aspectjweaver\1.9.24\aspectjweaver-1.9.24.jar;C:\Users\DELL\.m2\repository\org\springframework\boot\spring-boot-starter-web\3.5.7\spring-boot-starter-web-3.5.7.jar;C:\Users\DELL\.m2\repository\org\springframework\boot\spring-boot-starter-json\3.5.7\spring-boot-starter-json-3.5.7.jar;C:\Users\DELL\.m2\repository\com\fasterxml\jackson\core\jackson-databind\2.19.2\jackson-databind-2.19.2.jar;C:\Users\DELL\.m2\repository\com\fasterxml\jackson\core\jackson-annotations\2.19.2\jackson-annotations-2.19.2.jar;C:\Users\DELL\.m2\repository\com\fasterxml\jackson\core\jackson-core\2.19.2\jackson-core-2.19.2.jar;C:\Users\DELL\.m2\repository\com\fasterxml\jackson\datatype\jackson-datatype-jdk8\2.19.2\jackson-datatype-jdk8-2.19.2.jar;C:\Users\DELL\.m2\repository\com\fasterxml\jackson\datatype\jackson-datatype-jsr310\2.19.2\jackson-datatype-jsr310-2.19.2.jar;C:\Users\DELL\.m2\repository\com\fasterxml\jackson\module\jackson-module-parameter-names\2.19.2\jackson-module-parameter-names-2.19.2.jar;C:\Users\DELL\.m2\repository\org\springframework\boot\spring-boot-starter-tomcat\3.5.7\spring-boot-starter-tomcat-3.5.7.jar;C:\Users\DELL\.m2\repository\org\apache\tomcat\embed\tomcat-embed-core\10.1.48\tomcat-embed-core-10.1.48.jar;C:\Users\DELL\.m2\repository\org\apache\tomcat\embed\tomcat-embed-el\10.1.48\tomcat-embed-el-10.1.48.jar;C:\Users\DELL\.m2\repository\org\apache\tomcat\embed\tomcat-embed-websocket\10.1.48\tomcat-embed-websocket-10.1.48.jar;C:\Users\DELL\.m2\repository\org\springframework\spring-web\6.2.12\spring-web-6.2.12.jar;C:\Users\DELL\.m2\repository\io\micrometer\micrometer-observation\1.15.5\micrometer-observation-1.15.5.jar;C:\Users\DELL\.m2\repository\io\micrometer\micrometer-commons\1.15.5\micrometer-commons-1.15.5.jar;C:\Users\DELL\.m2\repository\org\springframework\spring-webmvc\6.2.12\spring-webmvc-6.2.12.jar;C:\Users\DELL\.m2\repository\org\springframework\spring-expression\6.2.12\spring-expression-6.2.12.jar;C:\Users\DELL\.m2\repository\org\springframework\boot\spring-boot-devtools\3.5.7\spring-boot-devtools-3.5.7.jar;C:\Users\DELL\.m2\repository\org\springframework\boot\spring-boot\3.5.7\spring-boot-3.5.7.jar;C:\Users\DELL\.m2\repository\org\springframework\boot\spring-boot-autoconfigure\3.5.7\spring-boot-autoconfigure-3.5.7.jar;C:\Users\DELL\.m2\repository\com\mysql\mysql-connector-j\9.4.0\mysql-connector-j-9.4.0.jar;C:\Users\DELL\.m2\repository\org\projectlombok\lombok\1.18.42\lombok-1.18.42.jar;C:\Users\DELL\.m2\repository\jakarta\xml\bind\jakarta.xml.bind-api\4.0.4\jakarta.xml.bind-api-4.0.4.jar;C:\Users\DELL\.m2\repository\jakarta\activation\jakarta.activation-api\2.1.4\jakarta.activation-api-2.1.4.jar;C:\Users\DELL\.m2\repository\org\springframework\spring-core\6.2.12\spring-core-6.2.12.jar;C:\Users\DELL\.m2\repository\org\springframework\spring-jcl\6.2.12\spring-jcl-6.2.12.jar
Launcher Type: SUN_STANDARD

[Global flags]
     intx CICompilerCount                          = 12                                        {product} {ergonomic}
     uint ConcGCThreads                            = 3                                         {product} {ergonomic}
     uint G1ConcRefinementThreads                  = 13                                        {product} {ergonomic}
   size_t G1HeapRegionSize                         = 1048576                                   {product} {ergonomic}
   size_t InitialHeapSize                          = 130023424                                 {product} {ergonomic}
   size_t MarkStackSize                            = 4194304                                   {product} {ergonomic}
   size_t MarkStackSizeMax                         = 536870912                                 {product} {ergonomic}
   size_t MaxHeapSize                              = 2065694720                                {product} {ergonomic}
   size_t MaxNewSize                               = 1239416832                                {product} {ergonomic}
   size_t MinHeapDeltaBytes                        = 1048576                                   {product} {ergonomic}
   size_t MinHeapSize                              = 8388608                                   {product} {ergonomic}
    uintx NonNMethodCodeHeapSize                   = 7602176                                {pd product} {ergonomic}
    uintx NonProfiledCodeHeapSize                  = 122093568                              {pd product} {ergonomic}
    uintx ProfiledCodeHeapSize                     = 121962496                              {pd product} {ergonomic}
    uintx ReservedCodeCacheSize                    = 251658240                              {pd product} {ergonomic}
     bool SegmentedCodeCache                       = true                                      {product} {ergonomic}
   size_t SoftMaxHeapSize                          = 2065694720                             {manageable} {ergonomic}
     bool UseCompressedOops                        = true                           {product lp64_product} {ergonomic}
     bool UseG1GC                                  = true                                      {product} {ergonomic}
     bool UseLargePagesIndividualAllocation        = false                                  {pd product} {ergonomic}

Logging:
Log output configuration:
 #0: stdout all=warning uptime,level,tags foldmultilines=false
 #1: stderr all=off uptime,level,tags foldmultilines=false

Environment Variables:
PATH=C:\Program Files\Common Files\Oracle\Java\javapath;C:\Windows\system32;C:\Windows;C:\Windows\System32\Wbem;C:\Windows\System32\WindowsPowerShell\v1.0\;C:\Windows\System32\OpenSSH\;C:\Program Files\dotnet\;C:\Program Files (x86)\NVIDIA Corporation\PhysX\Common;C:\Program Files\NVIDIA Corporation\NVIDIA App\NvDLISR;C:\Program Files\Git\cmd;C:\Program Files\Git\mingw64\bin;C:\Program Files\Git\usr\bin;C:\Program Files\nodejs\;C:\Program Files\MongoDB\Server\8.0\bin;C:\Program Files\MySQL\MySQL Server 8.0\bin;C:\Program Files\MySQL\MySQL Shell 8.0\bin\;C:\Users\DELL\AppData\Local\Programs\Python\Launcher\;C:\Users\DELL\.cargo\bin;C:\Users\DELL\AppData\Local\Microsoft\WindowsApps;C:\Users\DELL\AppData\Local\Programs\Microsoft VS Code\bin;C:\Users\DELL\AppData\Roaming\npm;C:\Users\DELL\.lmstudio\bin;C:\Users\DELL\AppData\Local\Programs\mongosh\
USERNAME=DELL
OS=Windows_NT
PROCESSOR_IDENTIFIER=Intel64 Family 6 Model 183 Stepping 1, GenuineIntel
TMP=C:\Users\DELL\AppData\Local\Temp
TEMP=C:\Users\DELL\AppData\Local\Temp




Periodic native trim disabled

---------------  S Y S T E M  ---------------

OS:
 Windows 11 , 64 bit Build 26100 (10.0.26100.6725)
OS uptime: 1 days 1:30 hours
Hyper-V role detected

CPU: total 16 (initial active 16) (8 cores per cpu, 2 threads per core) family 6 model 183 stepping 1 microcode 0x12f, cx8, cmov, fxsr, ht, mmx, 3dnowpref, sse, sse2, sse3, ssse3, sse4.1, sse4.2, popcnt, lzcnt, tsc, tscinvbit, avx, avx2, aes, erms, clmul, bmi1, bmi2, adx, sha, fma, vzeroupper, clflush, clflushopt, clwb, hv, serialize, rdtscp, rdpid, fsrm, gfni, f16c, cet_ibt, cet_ss
Processor Information for processor 0
  Max Mhz: 2400, Current Mhz: 2400, Mhz Limit: 2400
Processor Information for processor 1
  Max Mhz: 2400, Current Mhz: 1520, Mhz Limit: 2400
Processor Information for processor 2
  Max Mhz: 2400, Current Mhz: 2400, Mhz Limit: 2400
Processor Information for processor 3
  Max Mhz: 2400, Current Mhz: 1520, Mhz Limit: 2400
Processor Information for processor 4
  Max Mhz: 2400, Current Mhz: 2400, Mhz Limit: 2400
Processor Information for processor 5
  Max Mhz: 2400, Current Mhz: 1520, Mhz Limit: 2400
Processor Information for processor 6
  Max Mhz: 2400, Current Mhz: 2400, Mhz Limit: 2400
Processor Information for processor 7
  Max Mhz: 2400, Current Mhz: 2400, Mhz Limit: 2400
Processor Information for processor 8
  Max Mhz: 2400, Current Mhz: 2400, Mhz Limit: 2400
Processor Information for processor 9
  Max Mhz: 2400, Current Mhz: 2400, Mhz Limit: 2400
Processor Information for processor 10
  Max Mhz: 2400, Current Mhz: 2400, Mhz Limit: 2400
Processor Information for processor 11
  Max Mhz: 2400, Current Mhz: 2400, Mhz Limit: 2400
Processor Information for processor 12
  Max Mhz: 2400, Current Mhz: 1466, Mhz Limit: 2400
Processor Information for processor 13
  Max Mhz: 2400, Current Mhz: 2400, Mhz Limit: 2400
Processor Information for processor 14
  Max Mhz: 2400, Current Mhz: 1466, Mhz Limit: 2400
Processor Information for processor 15
  Max Mhz: 2400, Current Mhz: 1466, Mhz Limit: 2400

Memory: 4k page, system-wide physical 7876M (780M free)
TotalPageFile size 24260M (AvailPageFile size 3M)
current process WorkingSet (physical memory assigned to process): 54M, peak: 273M
current process commit charge ("private bytes"): 293M, peak: 332M

vm_info: Java HotSpot(TM) 64-Bit Server VM (24.0.2+12-54) for windows-amd64 JRE (24.0.2+12-54), built on 2025-07-08T12:10:27Z with MS VC++ 17.6 (VS2022)

END.
